<?xml version="1.0" encoding="UTF-8"?>
<!-- Generated by org.testng.reporters.JUnitXMLReporter -->
<testsuite ignored="0" hostname="Aris-MacBook-Air.local" failures="0" tests="4" name="Surefire test" time="0.017" errors="0" timestamp="2024-10-13T09:39:37 IST">
  <testcase classname="testNgAnnotations.TestNgEx" name="one" time="0.0"/>
  <testcase classname="testNgAnnotations.TestNgEx" name="four" time="0.0"/>
  <testcase classname="testNgAnnotations.TestNgEx" name="two" time="0.0"/>
  <testcase classname="testNgAnnotations.TestNgEx" name="three" time="0.0"/>
</testsuite> <!-- Surefire test -->
