<?xml version="1.0" encoding="UTF-8"?>
<testng-results ignored="0" total="4" passed="4" failed="0" skipped="0">
  <reporter-output>
  </reporter-output>
  <suite started-at="2024-10-13T09:39:37 IST" name="Surefire suite" finished-at="2024-10-13T09:39:37 IST" duration-ms="17">
    <groups>
    </groups>
    <test started-at="2024-10-13T09:39:37 IST" name="Surefire test" finished-at="2024-10-13T09:39:37 IST" duration-ms="17">
      <class name="testNgAnnotations.TestNgEx">
        <test-method is-config="true" signature="beforeSuit()[pri:0, instance:testNgAnnotations.TestNgEx@55ca8de8]" started-at="2024-10-13T09:39:37 IST" name="beforeSuit" finished-at="2024-10-13T09:39:37 IST" duration-ms="3" status="PASS">
          <reporter-output>
          </reporter-output>
        </test-method> <!-- beforeSuit -->
        <test-method is-config="true" signature="beforeSuite()[pri:0, instance:testNgAnnotations.TestNgEx@55ca8de8]" started-at="2024-10-13T09:39:37 IST" name="beforeSuite" finished-at="2024-10-13T09:39:37 IST" duration-ms="1" status="PASS">
          <reporter-output>
          </reporter-output>
        </test-method> <!-- beforeSuite -->
        <test-method is-config="true" signature="beforeClass()[pri:0, instance:testNgAnnotations.TestNgEx@55ca8de8]" started-at="2024-10-13T09:39:37 IST" name="beforeClass" finished-at="2024-10-13T09:39:37 IST" duration-ms="0" status="PASS">
          <reporter-output>
          </reporter-output>
        </test-method> <!-- beforeClass -->
        <test-method is-config="true" signature="beforeMethod()[pri:0, instance:testNgAnnotations.TestNgEx@55ca8de8]" started-at="2024-10-13T09:39:37 IST" name="beforeMethod" finished-at="2024-10-13T09:39:37 IST" duration-ms="0" status="PASS">
          <reporter-output>
          </reporter-output>
        </test-method> <!-- beforeMethod -->
        <test-method signature="one()[pri:2, instance:testNgAnnotations.TestNgEx@55ca8de8]" started-at="2024-10-13T09:39:37 IST" name="one" finished-at="2024-10-13T09:39:37 IST" duration-ms="0" status="PASS">
          <reporter-output>
          </reporter-output>
        </test-method> <!-- one -->
        <test-method is-config="true" signature="afterMethod()[pri:0, instance:testNgAnnotations.TestNgEx@55ca8de8]" started-at="2024-10-13T09:39:37 IST" name="afterMethod" finished-at="2024-10-13T09:39:37 IST" duration-ms="0" status="PASS">
          <reporter-output>
          </reporter-output>
        </test-method> <!-- afterMethod -->
        <test-method is-config="true" signature="beforeMethod()[pri:0, instance:testNgAnnotations.TestNgEx@55ca8de8]" started-at="2024-10-13T09:39:37 IST" name="beforeMethod" finished-at="2024-10-13T09:39:37 IST" duration-ms="0" status="PASS">
          <reporter-output>
          </reporter-output>
        </test-method> <!-- beforeMethod -->
        <test-method signature="four()[pri:4, instance:testNgAnnotations.TestNgEx@55ca8de8]" started-at="2024-10-13T09:39:37 IST" name="four" finished-at="2024-10-13T09:39:37 IST" duration-ms="0" status="PASS">
          <reporter-output>
          </reporter-output>
        </test-method> <!-- four -->
        <test-method is-config="true" signature="afterMethod()[pri:0, instance:testNgAnnotations.TestNgEx@55ca8de8]" started-at="2024-10-13T09:39:37 IST" name="afterMethod" finished-at="2024-10-13T09:39:37 IST" duration-ms="0" status="PASS">
          <reporter-output>
          </reporter-output>
        </test-method> <!-- afterMethod -->
        <test-method signature="two()[pri:3, instance:testNgAnnotations.TestNgEx@55ca8de8]" started-at="2024-10-13T09:39:37 IST" name="two" finished-at="2024-10-13T09:39:37 IST" depends-on-methods="testNgAnnotations.TestNgEx.four" duration-ms="0" status="PASS">
          <reporter-output>
          </reporter-output>
        </test-method> <!-- two -->
        <test-method is-config="true" signature="beforeMethod()[pri:0, instance:testNgAnnotations.TestNgEx@55ca8de8]" started-at="2024-10-13T09:39:37 IST" name="beforeMethod" finished-at="2024-10-13T09:39:37 IST" duration-ms="0" status="PASS">
          <reporter-output>
          </reporter-output>
        </test-method> <!-- beforeMethod -->
        <test-method is-config="true" signature="afterMethod()[pri:0, instance:testNgAnnotations.TestNgEx@55ca8de8]" started-at="2024-10-13T09:39:37 IST" name="afterMethod" finished-at="2024-10-13T09:39:37 IST" duration-ms="0" status="PASS">
          <reporter-output>
          </reporter-output>
        </test-method> <!-- afterMethod -->
        <test-method signature="three()[pri:5, instance:testNgAnnotations.TestNgEx@55ca8de8]" started-at="2024-10-13T09:39:37 IST" name="three" finished-at="2024-10-13T09:39:37 IST" duration-ms="0" status="PASS">
          <reporter-output>
          </reporter-output>
        </test-method> <!-- three -->
        <test-method is-config="true" signature="afterClass()[pri:0, instance:testNgAnnotations.TestNgEx@55ca8de8]" started-at="2024-10-13T09:39:37 IST" name="afterClass" finished-at="2024-10-13T09:39:37 IST" duration-ms="0" status="PASS">
          <reporter-output>
          </reporter-output>
        </test-method> <!-- afterClass -->
        <test-method is-config="true" signature="afterMethod()[pri:0, instance:testNgAnnotations.TestNgEx@55ca8de8]" started-at="2024-10-13T09:39:37 IST" name="afterMethod" finished-at="2024-10-13T09:39:37 IST" duration-ms="0" status="PASS">
          <reporter-output>
          </reporter-output>
        </test-method> <!-- afterMethod -->
        <test-method is-config="true" signature="beforeMethod()[pri:0, instance:testNgAnnotations.TestNgEx@55ca8de8]" started-at="2024-10-13T09:39:37 IST" name="beforeMethod" finished-at="2024-10-13T09:39:37 IST" duration-ms="0" status="PASS">
          <reporter-output>
          </reporter-output>
        </test-method> <!-- beforeMethod -->
        <test-method is-config="true" signature="afterSuite()[pri:0, instance:testNgAnnotations.TestNgEx@55ca8de8]" started-at="2024-10-13T09:39:37 IST" name="afterSuite" finished-at="2024-10-13T09:39:37 IST" duration-ms="0" status="PASS">
          <reporter-output>
          </reporter-output>
        </test-method> <!-- afterSuite -->
      </class> <!-- testNgAnnotations.TestNgEx -->
    </test> <!-- Surefire test -->
  </suite> <!-- Surefire suite -->
</testng-results>
