<?xml version="1.0" encoding="UTF-8"?>
<testsuite xmlns:xsi="http://www.w3.org/2001/XMLSchema-instance" xsi:noNamespaceSchemaLocation="https://maven.apache.org/surefire/maven-surefire-plugin/xsd/surefire-test-report-3.0.xsd" version="3.0" name="testNgAnnotations.TestNgEx" time="0.239" tests="4" errors="0" skipped="0" failures="0">
  <properties>
[...]
</properties>
  <testcase name="one" classname="testNgAnnotations.TestNgEx" time="0.001">
    <system-out><![CDATA[beforeSuit
Before Suite
Before Class 
Before Method, after 2
test 01
]]></system-out>
    <system-err><![CDATA[SLF4J: Failed to load class "org.slf4j.impl.StaticLoggerBinder".
SLF4J: Defaulting to no-operation (NOP) logger implementation
SLF4J: See http://www.slf4j.org/codes.html#StaticLoggerBinder for further details.
]]></system-err>
  </testcase>
  <testcase name="four" classname="testNgAnnotations.TestNgEx" time="0.0">
    <system-out><![CDATA[After Method 2
Before Method, after 2
four 04
]]></system-out>
  </testcase>
  <testcase name="two" classname="testNgAnnotations.TestNgEx" time="0.0">
    <system-out><![CDATA[After Method 2
Before Method, after 2
test 2
]]></system-out>
  </testcase>
  <testcase name="three" classname="testNgAnnotations.TestNgEx" time="0.0">
    <system-out><![CDATA[After Method 2
Before Method, after 2
three 03
]]></system-out>
  </testcase>
</testsuite>